<?xml version="1.0" encoding="UTF-8"?>
<!-- Generated by org.testng.reporters.JUnitReportReporter -->
<testsuite skipped="0" hostname="tanyawendeMacBook-Pro.local" name="com.httpds.testng.BastTest" tests="2" failures="0" timestamp="03 六月 2018 04:47:39 GMT" time="0.561" errors="0">
  <testcase name="test" time="0.000" classname="com.httpds.testng.BastTest"/>
  <testcase name="autoTest" time="0.561" classname="com.httpds.testng.BastTest"/>
</testsuite> <!-- com.httpds.testng.BastTest -->
