<?xml version="1.0" encoding="UTF-8"?>
<!-- Generated by org.testng.reporters.JUnitReportReporter -->
<testsuite skipped="0" hostname="tanyawendeMacBook-Pro.local" name="com.httpds.testng.BastTest" tests="2" failures="0" timestamp="06 六月 2018 15:30:27 GMT" time="0.454" errors="0">
  <testcase name="autoTest" time="0.454" classname="com.httpds.testng.BastTest"/>
  <testcase name="test" time="0.000" classname="com.httpds.testng.BastTest"/>
</testsuite> <!-- com.httpds.testng.BastTest -->
